CRITICAL - 2020-12-25 04:51:02 --> Unknown column 'assets' in 'where clause'
#0 /Applications/MAMP/htdocs/Sisfomaru/system/Database/MySQLi/Connection.php(331): mysqli->query('SELECT pendafta...')
#1 /Applications/MAMP/htdocs/Sisfomaru/system/Database/BaseConnection.php(738): CodeIgniter\Database\MySQLi\Connection->execute('SELECT pendafta...')
#2 /Applications/MAMP/htdocs/Sisfomaru/system/Database/BaseConnection.php(666): CodeIgniter\Database\BaseConnection->simpleQuery('SELECT pendafta...')
#3 /Applications/MAMP/htdocs/Sisfomaru/app/Models/PendaftarModel.php(47): CodeIgniter\Database\BaseConnection->query('SELECT pendafta...')
#4 /Applications/MAMP/htdocs/Sisfomaru/app/Controllers/Pendaftar.php(34): App\Models\PendaftarModel->getDetail('assets')
#5 /Applications/MAMP/htdocs/Sisfomaru/system/CodeIgniter.php(914): App\Controllers\Pendaftar->detail('assets', 'js', 'style', 'js', 'plugins', 'pace.min.js')
#6 /Applications/MAMP/htdocs/Sisfomaru/system/CodeIgniter.php(400): CodeIgniter\CodeIgniter->runController(Object(App\Controllers\Pendaftar))
#7 /Applications/MAMP/htdocs/Sisfomaru/system/CodeIgniter.php(308): CodeIgniter\CodeIgniter->handleRequest(NULL, Object(Config\Cache), false)
#8 /Applications/MAMP/htdocs/Sisfomaru/public/index.php(45): CodeIgniter\CodeIgniter->run()
#9 /Applications/MAMP/htdocs/Sisfomaru/system/Commands/Server/rewrite.php(34): require_once('/Applications/M...')
#10 {main}
CRITICAL - 2020-12-25 04:51:03 --> Unknown column 'assets' in 'where clause'
#0 /Applications/MAMP/htdocs/Sisfomaru/system/Database/MySQLi/Connection.php(331): mysqli->query('SELECT pendafta...')
#1 /Applications/MAMP/htdocs/Sisfomaru/system/Database/BaseConnection.php(738): CodeIgniter\Database\MySQLi\Connection->execute('SELECT pendafta...')
#2 /Applications/MAMP/htdocs/Sisfomaru/system/Database/BaseConnection.php(666): CodeIgniter\Database\BaseConnection->simpleQuery('SELECT pendafta...')
#3 /Applications/MAMP/htdocs/Sisfomaru/app/Models/PendaftarModel.php(47): CodeIgniter\Database\BaseConnection->query('SELECT pendafta...')
#4 /Applications/MAMP/htdocs/Sisfomaru/app/Controllers/Pendaftar.php(34): App\Models\PendaftarModel->getDetail('assets')
#5 /Applications/MAMP/htdocs/Sisfomaru/system/CodeIgniter.php(914): App\Controllers\Pendaftar->detail('assets', 'js', 'style', 'js', 'plugins', 'pace.min.js')
#6 /Applications/MAMP/htdocs/Sisfomaru/system/CodeIgniter.php(400): CodeIgniter\CodeIgniter->runController(Object(App\Controllers\Pendaftar))
#7 /Applications/MAMP/htdocs/Sisfomaru/system/CodeIgniter.php(308): CodeIgniter\CodeIgniter->handleRequest(NULL, Object(Config\Cache), false)
#8 /Applications/MAMP/htdocs/Sisfomaru/public/index.php(45): CodeIgniter\CodeIgniter->run()
#9 /Applications/MAMP/htdocs/Sisfomaru/system/Commands/Server/rewrite.php(34): require_once('/Applications/M...')
#10 {main}
CRITICAL - 2020-12-25 05:14:08 --> Unknown column 'assets' in 'where clause'
#0 /Applications/MAMP/htdocs/Sisfomaru/system/Database/MySQLi/Connection.php(331): mysqli->query('SELECT pendafta...')
#1 /Applications/MAMP/htdocs/Sisfomaru/system/Database/BaseConnection.php(738): CodeIgniter\Database\MySQLi\Connection->execute('SELECT pendafta...')
#2 /Applications/MAMP/htdocs/Sisfomaru/system/Database/BaseConnection.php(666): CodeIgniter\Database\BaseConnection->simpleQuery('SELECT pendafta...')
#3 /Applications/MAMP/htdocs/Sisfomaru/app/Models/PendaftarModel.php(47): CodeIgniter\Database\BaseConnection->query('SELECT pendafta...')
#4 /Applications/MAMP/htdocs/Sisfomaru/app/Controllers/Pendaftar.php(34): App\Models\PendaftarModel->getDetail('assets')
#5 /Applications/MAMP/htdocs/Sisfomaru/system/CodeIgniter.php(914): App\Controllers\Pendaftar->detail('assets', 'js', 'style', 'js', 'plugins', 'pace.min.js')
#6 /Applications/MAMP/htdocs/Sisfomaru/system/CodeIgniter.php(400): CodeIgniter\CodeIgniter->runController(Object(App\Controllers\Pendaftar))
#7 /Applications/MAMP/htdocs/Sisfomaru/system/CodeIgniter.php(308): CodeIgniter\CodeIgniter->handleRequest(NULL, Object(Config\Cache), false)
#8 /Applications/MAMP/htdocs/Sisfomaru/public/index.php(45): CodeIgniter\CodeIgniter->run()
#9 /Applications/MAMP/htdocs/Sisfomaru/system/Commands/Server/rewrite.php(34): require_once('/Applications/M...')
#10 {main}
