CRITICAL - 2021-01-03 17:54:39 --> Undefined variable: validation
#0 /Applications/MAMP/htdocs/Sisfomaru/app/Views/user/changpassword.php(91): CodeIgniter\Debug\Exceptions->errorHandler(8, 'Undefined varia...', '/Applications/M...', 91, Array)
#1 /Applications/MAMP/htdocs/Sisfomaru/system/View/View.php(246): include('/Applications/M...')
#2 /Applications/MAMP/htdocs/Sisfomaru/system/Common.php(1087): CodeIgniter\View\View->render('user/changpassw...', Array, true)
#3 /Applications/MAMP/htdocs/Sisfomaru/app/Controllers/User.php(144): view('user/changpassw...', Array)
#4 /Applications/MAMP/htdocs/Sisfomaru/system/CodeIgniter.php(914): App\Controllers\User->changpassword()
#5 /Applications/MAMP/htdocs/Sisfomaru/system/CodeIgniter.php(400): CodeIgniter\CodeIgniter->runController(Object(App\Controllers\User))
#6 /Applications/MAMP/htdocs/Sisfomaru/system/CodeIgniter.php(308): CodeIgniter\CodeIgniter->handleRequest(NULL, Object(Config\Cache), false)
#7 /Applications/MAMP/htdocs/Sisfomaru/public/index.php(45): CodeIgniter\CodeIgniter->run()
#8 /Applications/MAMP/htdocs/Sisfomaru/system/Commands/Server/rewrite.php(34): require_once('/Applications/M...')
#9 {main}
CRITICAL - 2021-01-03 18:50:00 --> Call to undefined method CodeIgniter\Database\MySQLi\Connection::set()
#0 /Applications/MAMP/htdocs/Sisfomaru/system/CodeIgniter.php(914): App\Controllers\User->changePassword()
#1 /Applications/MAMP/htdocs/Sisfomaru/system/CodeIgniter.php(400): CodeIgniter\CodeIgniter->runController(Object(App\Controllers\User))
#2 /Applications/MAMP/htdocs/Sisfomaru/system/CodeIgniter.php(308): CodeIgniter\CodeIgniter->handleRequest(NULL, Object(Config\Cache), false)
#3 /Applications/MAMP/htdocs/Sisfomaru/public/index.php(45): CodeIgniter\CodeIgniter->run()
#4 /Applications/MAMP/htdocs/Sisfomaru/system/Commands/Server/rewrite.php(34): require_once('/Applications/M...')
#5 {main}
CRITICAL - 2021-01-03 18:51:51 --> Undefined index: email
#0 /Applications/MAMP/htdocs/Sisfomaru/app/Controllers/User.php(184): CodeIgniter\Debug\Exceptions->errorHandler(8, 'Undefined index...', '/Applications/M...', 184, Array)
#1 /Applications/MAMP/htdocs/Sisfomaru/system/CodeIgniter.php(914): App\Controllers\User->changePassword()
#2 /Applications/MAMP/htdocs/Sisfomaru/system/CodeIgniter.php(400): CodeIgniter\CodeIgniter->runController(Object(App\Controllers\User))
#3 /Applications/MAMP/htdocs/Sisfomaru/system/CodeIgniter.php(308): CodeIgniter\CodeIgniter->handleRequest(NULL, Object(Config\Cache), false)
#4 /Applications/MAMP/htdocs/Sisfomaru/public/index.php(45): CodeIgniter\CodeIgniter->run()
#5 /Applications/MAMP/htdocs/Sisfomaru/system/Commands/Server/rewrite.php(34): require_once('/Applications/M...')
#6 {main}
CRITICAL - 2021-01-03 18:53:01 --> Undefined index: email
#0 /Applications/MAMP/htdocs/Sisfomaru/app/Controllers/User.php(184): CodeIgniter\Debug\Exceptions->errorHandler(8, 'Undefined index...', '/Applications/M...', 184, Array)
#1 /Applications/MAMP/htdocs/Sisfomaru/system/CodeIgniter.php(914): App\Controllers\User->changePassword()
#2 /Applications/MAMP/htdocs/Sisfomaru/system/CodeIgniter.php(400): CodeIgniter\CodeIgniter->runController(Object(App\Controllers\User))
#3 /Applications/MAMP/htdocs/Sisfomaru/system/CodeIgniter.php(308): CodeIgniter\CodeIgniter->handleRequest(NULL, Object(Config\Cache), false)
#4 /Applications/MAMP/htdocs/Sisfomaru/public/index.php(45): CodeIgniter\CodeIgniter->run()
#5 /Applications/MAMP/htdocs/Sisfomaru/system/Commands/Server/rewrite.php(34): require_once('/Applications/M...')
#6 {main}
CRITICAL - 2021-01-03 18:53:26 --> Array to string conversion
#0 /Applications/MAMP/htdocs/Sisfomaru/app/Controllers/User.php(197): CodeIgniter\Debug\Exceptions->errorHandler(8, 'Array to string...', '/Applications/M...', 197, Array)
#1 /Applications/MAMP/htdocs/Sisfomaru/system/CodeIgniter.php(914): App\Controllers\User->changePassword()
#2 /Applications/MAMP/htdocs/Sisfomaru/system/CodeIgniter.php(400): CodeIgniter\CodeIgniter->runController(Object(App\Controllers\User))
#3 /Applications/MAMP/htdocs/Sisfomaru/system/CodeIgniter.php(308): CodeIgniter\CodeIgniter->handleRequest(NULL, Object(Config\Cache), false)
#4 /Applications/MAMP/htdocs/Sisfomaru/public/index.php(45): CodeIgniter\CodeIgniter->run()
#5 /Applications/MAMP/htdocs/Sisfomaru/system/Commands/Server/rewrite.php(34): require_once('/Applications/M...')
#6 {main}
CRITICAL - 2021-01-03 18:54:12 --> Array to string conversion
#0 /Applications/MAMP/htdocs/Sisfomaru/app/Controllers/User.php(197): CodeIgniter\Debug\Exceptions->errorHandler(8, 'Array to string...', '/Applications/M...', 197, Array)
#1 /Applications/MAMP/htdocs/Sisfomaru/system/CodeIgniter.php(914): App\Controllers\User->changePassword()
#2 /Applications/MAMP/htdocs/Sisfomaru/system/CodeIgniter.php(400): CodeIgniter\CodeIgniter->runController(Object(App\Controllers\User))
#3 /Applications/MAMP/htdocs/Sisfomaru/system/CodeIgniter.php(308): CodeIgniter\CodeIgniter->handleRequest(NULL, Object(Config\Cache), false)
#4 /Applications/MAMP/htdocs/Sisfomaru/public/index.php(45): CodeIgniter\CodeIgniter->run()
#5 /Applications/MAMP/htdocs/Sisfomaru/system/Commands/Server/rewrite.php(34): require_once('/Applications/M...')
#6 {main}
CRITICAL - 2021-01-03 18:55:08 --> Undefined index: users
#0 /Applications/MAMP/htdocs/Sisfomaru/app/Controllers/User.php(184): CodeIgniter\Debug\Exceptions->errorHandler(8, 'Undefined index...', '/Applications/M...', 184, Array)
#1 /Applications/MAMP/htdocs/Sisfomaru/system/CodeIgniter.php(914): App\Controllers\User->changePassword()
#2 /Applications/MAMP/htdocs/Sisfomaru/system/CodeIgniter.php(400): CodeIgniter\CodeIgniter->runController(Object(App\Controllers\User))
#3 /Applications/MAMP/htdocs/Sisfomaru/system/CodeIgniter.php(308): CodeIgniter\CodeIgniter->handleRequest(NULL, Object(Config\Cache), false)
#4 /Applications/MAMP/htdocs/Sisfomaru/public/index.php(45): CodeIgniter\CodeIgniter->run()
#5 /Applications/MAMP/htdocs/Sisfomaru/system/Commands/Server/rewrite.php(34): require_once('/Applications/M...')
#6 {main}
CRITICAL - 2021-01-03 19:03:00 --> Undefined property: App\Controllers\User::$email
#0 /Applications/MAMP/htdocs/Sisfomaru/app/Controllers/User.php(219): CodeIgniter\Debug\Exceptions->errorHandler(8, 'Undefined prope...', '/Applications/M...', 219, Array)
#1 /Applications/MAMP/htdocs/Sisfomaru/app/Controllers/User.php(208): App\Controllers\User->sendEmail('misdin040@stmik...', 'Info Pendaftara...', '<h3>Informasi A...')
#2 /Applications/MAMP/htdocs/Sisfomaru/system/CodeIgniter.php(914): App\Controllers\User->changePassword()
#3 /Applications/MAMP/htdocs/Sisfomaru/system/CodeIgniter.php(400): CodeIgniter\CodeIgniter->runController(Object(App\Controllers\User))
#4 /Applications/MAMP/htdocs/Sisfomaru/system/CodeIgniter.php(308): CodeIgniter\CodeIgniter->handleRequest(NULL, Object(Config\Cache), false)
#5 /Applications/MAMP/htdocs/Sisfomaru/public/index.php(45): CodeIgniter\CodeIgniter->run()
#6 /Applications/MAMP/htdocs/Sisfomaru/system/Commands/Server/rewrite.php(34): require_once('/Applications/M...')
#7 {main}
CRITICAL - 2021-01-03 20:57:17 --> Access denied for user '****'@'localhost' (using password: YES)
#0 /home/stmq3862/public_html/pmb/Sisfomaru/system/Database/BaseConnection.php(377): CodeIgniter\Database\MySQLi\Connection->connect(false)
#1 /home/stmq3862/public_html/pmb/Sisfomaru/system/Database/BaseConnection.php(643): CodeIgniter\Database\BaseConnection->initialize()
#2 /home/stmq3862/public_html/pmb/Sisfomaru/app/Views/front/index.php(256): CodeIgniter\Database\BaseConnection->query('SELECT judul,in...')
#3 /home/stmq3862/public_html/pmb/Sisfomaru/system/View/View.php(246): include('/home/stmq3862/...')
#4 /home/stmq3862/public_html/pmb/Sisfomaru/system/Common.php(1087): CodeIgniter\View\View->render('front/index', Array, true)
#5 /home/stmq3862/public_html/pmb/Sisfomaru/app/Controllers/Pages.php(13): view('front/index')
#6 /home/stmq3862/public_html/pmb/Sisfomaru/system/CodeIgniter.php(914): App\Controllers\Pages->index()
#7 /home/stmq3862/public_html/pmb/Sisfomaru/system/CodeIgniter.php(400): CodeIgniter\CodeIgniter->runController(Object(App\Controllers\Pages))
#8 /home/stmq3862/public_html/pmb/Sisfomaru/system/CodeIgniter.php(308): CodeIgniter\CodeIgniter->handleRequest(NULL, Object(Config\Cache), false)
#9 /home/stmq3862/public_html/pmb/index.php(45): CodeIgniter\CodeIgniter->run()
#10 {main}
CRITICAL - 2021-01-03 20:59:05 --> syntax error, unexpected 'SettingsContainerInterface' (T_STRING), expecting function (T_FUNCTION) or const (T_CONST)
#0 /home/stmq3862/public_html/pmb/Sisfomaru/system/Autoloader/Autoloader.php(296): CodeIgniter\Autoloader\Autoloader->requireFile('/home/stmq3862/...')
#1 /home/stmq3862/public_html/pmb/Sisfomaru/system/Autoloader/Autoloader.php(258): CodeIgniter\Autoloader\Autoloader->loadInNamespace('chillerlan\\QRCo...')
#2 [internal function]: CodeIgniter\Autoloader\Autoloader->loadClass('chillerlan\\QRCo...')
#3 /home/stmq3862/public_html/pmb/Sisfomaru/app/Views/admin/pendaftar/cetakformulir.php(139): spl_autoload_call('chillerlan\\QRCo...')
#4 /home/stmq3862/public_html/pmb/Sisfomaru/system/View/View.php(246): include('/home/stmq3862/...')
#5 /home/stmq3862/public_html/pmb/Sisfomaru/system/Common.php(1087): CodeIgniter\View\View->render('admin/pendaftar...', Array, true)
#6 /home/stmq3862/public_html/pmb/Sisfomaru/app/Controllers/Pendaftar.php(59): view('admin/pendaftar...', Array)
#7 /home/stmq3862/public_html/pmb/Sisfomaru/system/CodeIgniter.php(914): App\Controllers\Pendaftar->cetakformulir('13')
#8 /home/stmq3862/public_html/pmb/Sisfomaru/system/CodeIgniter.php(400): CodeIgniter\CodeIgniter->runController(Object(App\Controllers\Pendaftar))
#9 /home/stmq3862/public_html/pmb/Sisfomaru/system/CodeIgniter.php(308): CodeIgniter\CodeIgniter->handleRequest(NULL, Object(Config\Cache), false)
#10 /home/stmq3862/public_html/pmb/index.php(45): CodeIgniter\CodeIgniter->run()
#11 {main}
CRITICAL - 2021-01-03 21:02:14 --> Class 'QRCode' not found
#0 /home/stmq3862/public_html/pmb/Sisfomaru/system/View/View.php(246): include()
#1 /home/stmq3862/public_html/pmb/Sisfomaru/system/Common.php(1087): CodeIgniter\View\View->render('admin/pendaftar...', Array, true)
#2 /home/stmq3862/public_html/pmb/Sisfomaru/app/Controllers/Pendaftar.php(60): view('admin/pendaftar...', Array)
#3 /home/stmq3862/public_html/pmb/Sisfomaru/system/CodeIgniter.php(914): App\Controllers\Pendaftar->cetakformulir('13')
#4 /home/stmq3862/public_html/pmb/Sisfomaru/system/CodeIgniter.php(400): CodeIgniter\CodeIgniter->runController(Object(App\Controllers\Pendaftar))
#5 /home/stmq3862/public_html/pmb/Sisfomaru/system/CodeIgniter.php(308): CodeIgniter\CodeIgniter->handleRequest(NULL, Object(Config\Cache), false)
#6 /home/stmq3862/public_html/pmb/index.php(45): CodeIgniter\CodeIgniter->run()
#7 {main}
CRITICAL - 2021-01-03 21:03:09 --> syntax error, unexpected 'SettingsContainerInterface' (T_STRING), expecting function (T_FUNCTION) or const (T_CONST)
#0 /home/stmq3862/public_html/pmb/Sisfomaru/system/Autoloader/Autoloader.php(296): CodeIgniter\Autoloader\Autoloader->requireFile('/home/stmq3862/...')
#1 /home/stmq3862/public_html/pmb/Sisfomaru/system/Autoloader/Autoloader.php(258): CodeIgniter\Autoloader\Autoloader->loadInNamespace('chillerlan\\QRCo...')
#2 [internal function]: CodeIgniter\Autoloader\Autoloader->loadClass('chillerlan\\QRCo...')
#3 /home/stmq3862/public_html/pmb/Sisfomaru/app/Views/admin/pendaftar/cetakformulir.php(139): spl_autoload_call('chillerlan\\QRCo...')
#4 /home/stmq3862/public_html/pmb/Sisfomaru/system/View/View.php(246): include('/home/stmq3862/...')
#5 /home/stmq3862/public_html/pmb/Sisfomaru/system/Common.php(1087): CodeIgniter\View\View->render('admin/pendaftar...', Array, true)
#6 /home/stmq3862/public_html/pmb/Sisfomaru/app/Controllers/Pendaftar.php(60): view('admin/pendaftar...', Array)
#7 /home/stmq3862/public_html/pmb/Sisfomaru/system/CodeIgniter.php(914): App\Controllers\Pendaftar->cetakformulir('13')
#8 /home/stmq3862/public_html/pmb/Sisfomaru/system/CodeIgniter.php(400): CodeIgniter\CodeIgniter->runController(Object(App\Controllers\Pendaftar))
#9 /home/stmq3862/public_html/pmb/Sisfomaru/system/CodeIgniter.php(308): CodeIgniter\CodeIgniter->handleRequest(NULL, Object(Config\Cache), false)
#10 /home/stmq3862/public_html/pmb/index.php(45): CodeIgniter\CodeIgniter->run()
#11 {main}
CRITICAL - 2021-01-03 21:04:22 --> Undefined constant 'chillerlan\QRCode\QRCode'
#0 /home/stmq3862/public_html/pmb/Sisfomaru/system/CodeIgniter.php(886): App\Controllers\Pendaftar->__construct()
#1 /home/stmq3862/public_html/pmb/Sisfomaru/system/CodeIgniter.php(395): CodeIgniter\CodeIgniter->createController()
#2 /home/stmq3862/public_html/pmb/Sisfomaru/system/CodeIgniter.php(308): CodeIgniter\CodeIgniter->handleRequest(NULL, Object(Config\Cache), false)
#3 /home/stmq3862/public_html/pmb/index.php(45): CodeIgniter\CodeIgniter->run()
#4 {main}
CRITICAL - 2021-01-03 21:09:15 --> syntax error, unexpected 'SettingsContainerInterface' (T_STRING), expecting function (T_FUNCTION) or const (T_CONST)
#0 /home/stmq3862/public_html/pmb/Sisfomaru/system/Autoloader/Autoloader.php(296): CodeIgniter\Autoloader\Autoloader->requireFile('/home/stmq3862/...')
#1 /home/stmq3862/public_html/pmb/Sisfomaru/system/Autoloader/Autoloader.php(258): CodeIgniter\Autoloader\Autoloader->loadInNamespace('chillerlan\\QRCo...')
#2 [internal function]: CodeIgniter\Autoloader\Autoloader->loadClass('chillerlan\\QRCo...')
#3 /home/stmq3862/public_html/pmb/Sisfomaru/app/Views/admin/pendaftar/cetakformulir.php(139): spl_autoload_call('chillerlan\\QRCo...')
#4 /home/stmq3862/public_html/pmb/Sisfomaru/system/View/View.php(246): include('/home/stmq3862/...')
#5 /home/stmq3862/public_html/pmb/Sisfomaru/system/Common.php(1087): CodeIgniter\View\View->render('admin/pendaftar...', Array, true)
#6 /home/stmq3862/public_html/pmb/Sisfomaru/app/Controllers/Pendaftar.php(60): view('admin/pendaftar...', Array)
#7 /home/stmq3862/public_html/pmb/Sisfomaru/system/CodeIgniter.php(914): App\Controllers\Pendaftar->cetakformulir('16')
#8 /home/stmq3862/public_html/pmb/Sisfomaru/system/CodeIgniter.php(400): CodeIgniter\CodeIgniter->runController(Object(App\Controllers\Pendaftar))
#9 /home/stmq3862/public_html/pmb/Sisfomaru/system/CodeIgniter.php(308): CodeIgniter\CodeIgniter->handleRequest(NULL, Object(Config\Cache), false)
#10 /home/stmq3862/public_html/pmb/index.php(45): CodeIgniter\CodeIgniter->run()
#11 {main}
CRITICAL - 2021-01-03 21:11:41 --> Class 'QRCode' not found
#0 /home/stmq3862/public_html/pmb/Sisfomaru/system/View/View.php(246): include()
#1 /home/stmq3862/public_html/pmb/Sisfomaru/system/Common.php(1087): CodeIgniter\View\View->render('admin/pendaftar...', Array, true)
#2 /home/stmq3862/public_html/pmb/Sisfomaru/app/Controllers/Pendaftar.php(61): view('admin/pendaftar...', Array)
#3 /home/stmq3862/public_html/pmb/Sisfomaru/system/CodeIgniter.php(914): App\Controllers\Pendaftar->cetakformulir('16')
#4 /home/stmq3862/public_html/pmb/Sisfomaru/system/CodeIgniter.php(400): CodeIgniter\CodeIgniter->runController(Object(App\Controllers\Pendaftar))
#5 /home/stmq3862/public_html/pmb/Sisfomaru/system/CodeIgniter.php(308): CodeIgniter\CodeIgniter->handleRequest(NULL, Object(Config\Cache), false)
#6 /home/stmq3862/public_html/pmb/index.php(45): CodeIgniter\CodeIgniter->run()
#7 {main}
CRITICAL - 2021-01-03 21:12:12 --> syntax error, unexpected 'SettingsContainerInterface' (T_STRING), expecting function (T_FUNCTION) or const (T_CONST)
#0 /home/stmq3862/public_html/pmb/Sisfomaru/system/Autoloader/Autoloader.php(296): CodeIgniter\Autoloader\Autoloader->requireFile('/home/stmq3862/...')
#1 /home/stmq3862/public_html/pmb/Sisfomaru/system/Autoloader/Autoloader.php(258): CodeIgniter\Autoloader\Autoloader->loadInNamespace('chillerlan\\QRCo...')
#2 [internal function]: CodeIgniter\Autoloader\Autoloader->loadClass('chillerlan\\QRCo...')
#3 /home/stmq3862/public_html/pmb/Sisfomaru/app/Views/admin/pendaftar/cetakformulir.php(139): spl_autoload_call('chillerlan\\QRCo...')
#4 /home/stmq3862/public_html/pmb/Sisfomaru/system/View/View.php(246): include('/home/stmq3862/...')
#5 /home/stmq3862/public_html/pmb/Sisfomaru/system/Common.php(1087): CodeIgniter\View\View->render('admin/pendaftar...', Array, true)
#6 /home/stmq3862/public_html/pmb/Sisfomaru/app/Controllers/Pendaftar.php(61): view('admin/pendaftar...', Array)
#7 /home/stmq3862/public_html/pmb/Sisfomaru/system/CodeIgniter.php(914): App\Controllers\Pendaftar->cetakformulir('16')
#8 /home/stmq3862/public_html/pmb/Sisfomaru/system/CodeIgniter.php(400): CodeIgniter\CodeIgniter->runController(Object(App\Controllers\Pendaftar))
#9 /home/stmq3862/public_html/pmb/Sisfomaru/system/CodeIgniter.php(308): CodeIgniter\CodeIgniter->handleRequest(NULL, Object(Config\Cache), false)
#10 /home/stmq3862/public_html/pmb/index.php(45): CodeIgniter\CodeIgniter->run()
#11 {main}
CRITICAL - 2021-01-03 21:14:09 --> Class 'QRCode' not found
#0 /home/stmq3862/public_html/pmb/Sisfomaru/system/View/View.php(246): include()
#1 /home/stmq3862/public_html/pmb/Sisfomaru/system/Common.php(1087): CodeIgniter\View\View->render('admin/pendaftar...', Array, true)
#2 /home/stmq3862/public_html/pmb/Sisfomaru/app/Controllers/Pendaftar.php(61): view('admin/pendaftar...', Array)
#3 /home/stmq3862/public_html/pmb/Sisfomaru/system/CodeIgniter.php(914): App\Controllers\Pendaftar->cetakformulir('16')
#4 /home/stmq3862/public_html/pmb/Sisfomaru/system/CodeIgniter.php(400): CodeIgniter\CodeIgniter->runController(Object(App\Controllers\Pendaftar))
#5 /home/stmq3862/public_html/pmb/Sisfomaru/system/CodeIgniter.php(308): CodeIgniter\CodeIgniter->handleRequest(NULL, Object(Config\Cache), false)
#6 /home/stmq3862/public_html/pmb/index.php(45): CodeIgniter\CodeIgniter->run()
#7 {main}
CRITICAL - 2021-01-03 21:16:15 --> Undefined constant 'chillerlan\QRCode\QRCode'
#0 /home/stmq3862/public_html/pmb/Sisfomaru/system/CodeIgniter.php(886): App\Controllers\Pendaftar->__construct()
#1 /home/stmq3862/public_html/pmb/Sisfomaru/system/CodeIgniter.php(395): CodeIgniter\CodeIgniter->createController()
#2 /home/stmq3862/public_html/pmb/Sisfomaru/system/CodeIgniter.php(308): CodeIgniter\CodeIgniter->handleRequest(NULL, Object(Config\Cache), false)
#3 /home/stmq3862/public_html/pmb/index.php(45): CodeIgniter\CodeIgniter->run()
#4 {main}
CRITICAL - 2021-01-03 21:17:55 --> Class 'QRCode' not found
#0 /home/stmq3862/public_html/pmb/Sisfomaru/system/View/View.php(246): include()
#1 /home/stmq3862/public_html/pmb/Sisfomaru/system/Common.php(1087): CodeIgniter\View\View->render('admin/pendaftar...', Array, true)
#2 /home/stmq3862/public_html/pmb/Sisfomaru/app/Controllers/Pendaftar.php(62): view('admin/pendaftar...', Array)
#3 /home/stmq3862/public_html/pmb/Sisfomaru/system/CodeIgniter.php(914): App\Controllers\Pendaftar->cetakformulir('16')
#4 /home/stmq3862/public_html/pmb/Sisfomaru/system/CodeIgniter.php(400): CodeIgniter\CodeIgniter->runController(Object(App\Controllers\Pendaftar))
#5 /home/stmq3862/public_html/pmb/Sisfomaru/system/CodeIgniter.php(308): CodeIgniter\CodeIgniter->handleRequest(NULL, Object(Config\Cache), false)
#6 /home/stmq3862/public_html/pmb/index.php(45): CodeIgniter\CodeIgniter->run()
#7 {main}
CRITICAL - 2021-01-03 21:20:10 --> Call to undefined function QRCode()
#0 /home/stmq3862/public_html/pmb/Sisfomaru/system/View/View.php(246): include()
#1 /home/stmq3862/public_html/pmb/Sisfomaru/system/Common.php(1087): CodeIgniter\View\View->render('admin/pendaftar...', Array, true)
#2 /home/stmq3862/public_html/pmb/Sisfomaru/app/Controllers/Pendaftar.php(62): view('admin/pendaftar...', Array)
#3 /home/stmq3862/public_html/pmb/Sisfomaru/system/CodeIgniter.php(914): App\Controllers\Pendaftar->cetakformulir('16')
#4 /home/stmq3862/public_html/pmb/Sisfomaru/system/CodeIgniter.php(400): CodeIgniter\CodeIgniter->runController(Object(App\Controllers\Pendaftar))
#5 /home/stmq3862/public_html/pmb/Sisfomaru/system/CodeIgniter.php(308): CodeIgniter\CodeIgniter->handleRequest(NULL, Object(Config\Cache), false)
#6 /home/stmq3862/public_html/pmb/index.php(45): CodeIgniter\CodeIgniter->run()
#7 {main}
CRITICAL - 2021-01-03 21:20:27 --> syntax error, unexpected 'SettingsContainerInterface' (T_STRING), expecting function (T_FUNCTION) or const (T_CONST)
#0 /home/stmq3862/public_html/pmb/Sisfomaru/system/Autoloader/Autoloader.php(296): CodeIgniter\Autoloader\Autoloader->requireFile('/home/stmq3862/...')
#1 /home/stmq3862/public_html/pmb/Sisfomaru/system/Autoloader/Autoloader.php(258): CodeIgniter\Autoloader\Autoloader->loadInNamespace('chillerlan\\QRCo...')
#2 [internal function]: CodeIgniter\Autoloader\Autoloader->loadClass('chillerlan\\QRCo...')
#3 /home/stmq3862/public_html/pmb/Sisfomaru/app/Views/admin/pendaftar/cetakformulir.php(139): spl_autoload_call('chillerlan\\QRCo...')
#4 /home/stmq3862/public_html/pmb/Sisfomaru/system/View/View.php(246): include('/home/stmq3862/...')
#5 /home/stmq3862/public_html/pmb/Sisfomaru/system/Common.php(1087): CodeIgniter\View\View->render('admin/pendaftar...', Array, true)
#6 /home/stmq3862/public_html/pmb/Sisfomaru/app/Controllers/Pendaftar.php(62): view('admin/pendaftar...', Array)
#7 /home/stmq3862/public_html/pmb/Sisfomaru/system/CodeIgniter.php(914): App\Controllers\Pendaftar->cetakformulir('16')
#8 /home/stmq3862/public_html/pmb/Sisfomaru/system/CodeIgniter.php(400): CodeIgniter\CodeIgniter->runController(Object(App\Controllers\Pendaftar))
#9 /home/stmq3862/public_html/pmb/Sisfomaru/system/CodeIgniter.php(308): CodeIgniter\CodeIgniter->handleRequest(NULL, Object(Config\Cache), false)
#10 /home/stmq3862/public_html/pmb/index.php(45): CodeIgniter\CodeIgniter->run()
#11 {main}
CRITICAL - 2021-01-03 21:21:17 --> syntax error, unexpected 'SettingsContainerInterface' (T_STRING), expecting function (T_FUNCTION) or const (T_CONST)
#0 /home/stmq3862/public_html/pmb/Sisfomaru/system/Autoloader/Autoloader.php(296): CodeIgniter\Autoloader\Autoloader->requireFile('/home/stmq3862/...')
#1 /home/stmq3862/public_html/pmb/Sisfomaru/system/Autoloader/Autoloader.php(258): CodeIgniter\Autoloader\Autoloader->loadInNamespace('chillerlan\\QRCo...')
#2 [internal function]: CodeIgniter\Autoloader\Autoloader->loadClass('chillerlan\\QRCo...')
#3 /home/stmq3862/public_html/pmb/Sisfomaru/app/Views/user/formulir/cetakformulir.php(139): spl_autoload_call('chillerlan\\QRCo...')
#4 /home/stmq3862/public_html/pmb/Sisfomaru/system/View/View.php(246): include('/home/stmq3862/...')
#5 /home/stmq3862/public_html/pmb/Sisfomaru/system/Common.php(1087): CodeIgniter\View\View->render('user/formulir/c...', Array, true)
#6 /home/stmq3862/public_html/pmb/Sisfomaru/app/Controllers/Formulir.php(47): view('user/formulir/c...', Array)
#7 /home/stmq3862/public_html/pmb/Sisfomaru/system/CodeIgniter.php(914): App\Controllers\Formulir->cetakformulir('28')
#8 /home/stmq3862/public_html/pmb/Sisfomaru/system/CodeIgniter.php(400): CodeIgniter\CodeIgniter->runController(Object(App\Controllers\Formulir))
#9 /home/stmq3862/public_html/pmb/Sisfomaru/system/CodeIgniter.php(308): CodeIgniter\CodeIgniter->handleRequest(NULL, Object(Config\Cache), false)
#10 /home/stmq3862/public_html/pmb/index.php(45): CodeIgniter\CodeIgniter->run()
#11 {main}
CRITICAL - 2021-01-03 21:22:04 --> syntax error, unexpected 'SettingsContainerInterface' (T_STRING), expecting function (T_FUNCTION) or const (T_CONST)
#0 /home/stmq3862/public_html/pmb/Sisfomaru/system/Autoloader/Autoloader.php(296): CodeIgniter\Autoloader\Autoloader->requireFile('/home/stmq3862/...')
#1 /home/stmq3862/public_html/pmb/Sisfomaru/system/Autoloader/Autoloader.php(258): CodeIgniter\Autoloader\Autoloader->loadInNamespace('chillerlan\\QRCo...')
#2 [internal function]: CodeIgniter\Autoloader\Autoloader->loadClass('chillerlan\\QRCo...')
#3 /home/stmq3862/public_html/pmb/Sisfomaru/app/Views/admin/pendaftar/cetakformulir.php(139): spl_autoload_call('chillerlan\\QRCo...')
#4 /home/stmq3862/public_html/pmb/Sisfomaru/system/View/View.php(246): include('/home/stmq3862/...')
#5 /home/stmq3862/public_html/pmb/Sisfomaru/system/Common.php(1087): CodeIgniter\View\View->render('admin/pendaftar...', Array, true)
#6 /home/stmq3862/public_html/pmb/Sisfomaru/app/Controllers/Pendaftar.php(62): view('admin/pendaftar...', Array)
#7 /home/stmq3862/public_html/pmb/Sisfomaru/system/CodeIgniter.php(914): App\Controllers\Pendaftar->cetakformulir('16')
#8 /home/stmq3862/public_html/pmb/Sisfomaru/system/CodeIgniter.php(400): CodeIgniter\CodeIgniter->runController(Object(App\Controllers\Pendaftar))
#9 /home/stmq3862/public_html/pmb/Sisfomaru/system/CodeIgniter.php(308): CodeIgniter\CodeIgniter->handleRequest(NULL, Object(Config\Cache), false)
#10 /home/stmq3862/public_html/pmb/index.php(45): CodeIgniter\CodeIgniter->run()
#11 {main}
