CRITICAL - 2020-12-30 18:45:46 --> Undefined index: id_pendaftar
#0 /Applications/MAMP/htdocs/Sisfomaru/app/Views/admin/berkas/index.php(47): CodeIgniter\Debug\Exceptions->errorHandler(8, 'Undefined index...', '/Applications/M...', 47, Array)
#1 /Applications/MAMP/htdocs/Sisfomaru/system/View/View.php(246): include('/Applications/M...')
#2 /Applications/MAMP/htdocs/Sisfomaru/system/Common.php(1087): CodeIgniter\View\View->render('admin/berkas/in...', Array, true)
#3 /Applications/MAMP/htdocs/Sisfomaru/app/Controllers/Berkas.php(31): view('admin/berkas/in...', Array)
#4 /Applications/MAMP/htdocs/Sisfomaru/system/CodeIgniter.php(914): App\Controllers\Berkas->index()
#5 /Applications/MAMP/htdocs/Sisfomaru/system/CodeIgniter.php(400): CodeIgniter\CodeIgniter->runController(Object(App\Controllers\Berkas))
#6 /Applications/MAMP/htdocs/Sisfomaru/system/CodeIgniter.php(308): CodeIgniter\CodeIgniter->handleRequest(NULL, Object(Config\Cache), false)
#7 /Applications/MAMP/htdocs/Sisfomaru/public/index.php(45): CodeIgniter\CodeIgniter->run()
#8 /Applications/MAMP/htdocs/Sisfomaru/system/Commands/Server/rewrite.php(34): require_once('/Applications/M...')
#9 {main}
CRITICAL - 2020-12-30 18:48:24 --> Undefined variable: status
#0 /Applications/MAMP/htdocs/Sisfomaru/app/Views/admin/berkas/index.php(45): CodeIgniter\Debug\Exceptions->errorHandler(8, 'Undefined varia...', '/Applications/M...', 45, Array)
#1 /Applications/MAMP/htdocs/Sisfomaru/system/View/View.php(246): include('/Applications/M...')
#2 /Applications/MAMP/htdocs/Sisfomaru/system/Common.php(1087): CodeIgniter\View\View->render('admin/berkas/in...', Array, true)
#3 /Applications/MAMP/htdocs/Sisfomaru/app/Controllers/Berkas.php(31): view('admin/berkas/in...', Array)
#4 /Applications/MAMP/htdocs/Sisfomaru/system/CodeIgniter.php(914): App\Controllers\Berkas->index()
#5 /Applications/MAMP/htdocs/Sisfomaru/system/CodeIgniter.php(400): CodeIgniter\CodeIgniter->runController(Object(App\Controllers\Berkas))
#6 /Applications/MAMP/htdocs/Sisfomaru/system/CodeIgniter.php(308): CodeIgniter\CodeIgniter->handleRequest(NULL, Object(Config\Cache), false)
#7 /Applications/MAMP/htdocs/Sisfomaru/public/index.php(45): CodeIgniter\CodeIgniter->run()
#8 /Applications/MAMP/htdocs/Sisfomaru/system/Commands/Server/rewrite.php(34): require_once('/Applications/M...')
#9 {main}
CRITICAL - 2020-12-30 19:14:44 --> syntax error, unexpected ':'
#0 /Applications/MAMP/htdocs/Sisfomaru/system/Common.php(1087): CodeIgniter\View\View->render('admin/berkas/in...', Array, true)
#1 /Applications/MAMP/htdocs/Sisfomaru/app/Controllers/Berkas.php(31): view('admin/berkas/in...', Array)
#2 /Applications/MAMP/htdocs/Sisfomaru/system/CodeIgniter.php(914): App\Controllers\Berkas->index()
#3 /Applications/MAMP/htdocs/Sisfomaru/system/CodeIgniter.php(400): CodeIgniter\CodeIgniter->runController(Object(App\Controllers\Berkas))
#4 /Applications/MAMP/htdocs/Sisfomaru/system/CodeIgniter.php(308): CodeIgniter\CodeIgniter->handleRequest(NULL, Object(Config\Cache), false)
#5 /Applications/MAMP/htdocs/Sisfomaru/public/index.php(45): CodeIgniter\CodeIgniter->run()
#6 /Applications/MAMP/htdocs/Sisfomaru/system/Commands/Server/rewrite.php(34): require_once('/Applications/M...')
#7 {main}
CRITICAL - 2020-12-30 19:15:00 --> syntax error, unexpected ':'
#0 /Applications/MAMP/htdocs/Sisfomaru/system/Common.php(1087): CodeIgniter\View\View->render('admin/berkas/in...', Array, true)
#1 /Applications/MAMP/htdocs/Sisfomaru/app/Controllers/Berkas.php(31): view('admin/berkas/in...', Array)
#2 /Applications/MAMP/htdocs/Sisfomaru/system/CodeIgniter.php(914): App\Controllers\Berkas->index()
#3 /Applications/MAMP/htdocs/Sisfomaru/system/CodeIgniter.php(400): CodeIgniter\CodeIgniter->runController(Object(App\Controllers\Berkas))
#4 /Applications/MAMP/htdocs/Sisfomaru/system/CodeIgniter.php(308): CodeIgniter\CodeIgniter->handleRequest(NULL, Object(Config\Cache), false)
#5 /Applications/MAMP/htdocs/Sisfomaru/public/index.php(45): CodeIgniter\CodeIgniter->run()
#6 /Applications/MAMP/htdocs/Sisfomaru/system/Commands/Server/rewrite.php(34): require_once('/Applications/M...')
#7 {main}
CRITICAL - 2020-12-30 20:24:57 --> Undefined property: App\Controllers\Admin::$informasiModel
#0 /Applications/MAMP/htdocs/Sisfomaru/app/Controllers/Admin.php(45): CodeIgniter\Debug\Exceptions->errorHandler(8, 'Undefined prope...', '/Applications/M...', 45, Array)
#1 /Applications/MAMP/htdocs/Sisfomaru/system/CodeIgniter.php(914): App\Controllers\Admin->profil()
#2 /Applications/MAMP/htdocs/Sisfomaru/system/CodeIgniter.php(400): CodeIgniter\CodeIgniter->runController(Object(App\Controllers\Admin))
#3 /Applications/MAMP/htdocs/Sisfomaru/system/CodeIgniter.php(308): CodeIgniter\CodeIgniter->handleRequest(NULL, Object(Config\Cache), false)
#4 /Applications/MAMP/htdocs/Sisfomaru/public/index.php(45): CodeIgniter\CodeIgniter->run()
#5 /Applications/MAMP/htdocs/Sisfomaru/system/Commands/Server/rewrite.php(34): require_once('/Applications/M...')
#6 {main}
CRITICAL - 2020-12-30 20:26:02 --> Undefined property: App\Controllers\Admin::$db
#0 /Applications/MAMP/htdocs/Sisfomaru/app/Controllers/Admin.php(49): CodeIgniter\Debug\Exceptions->errorHandler(8, 'Undefined prope...', '/Applications/M...', 49, Array)
#1 /Applications/MAMP/htdocs/Sisfomaru/system/CodeIgniter.php(914): App\Controllers\Admin->profil()
#2 /Applications/MAMP/htdocs/Sisfomaru/system/CodeIgniter.php(400): CodeIgniter\CodeIgniter->runController(Object(App\Controllers\Admin))
#3 /Applications/MAMP/htdocs/Sisfomaru/system/CodeIgniter.php(308): CodeIgniter\CodeIgniter->handleRequest(NULL, Object(Config\Cache), false)
#4 /Applications/MAMP/htdocs/Sisfomaru/public/index.php(45): CodeIgniter\CodeIgniter->run()
#5 /Applications/MAMP/htdocs/Sisfomaru/system/Commands/Server/rewrite.php(34): require_once('/Applications/M...')
#6 {main}
CRITICAL - 2020-12-30 20:27:39 --> Trying to access array offset on value of type null
#0 /Applications/MAMP/htdocs/Sisfomaru/app/Views/admin/dasboard/profil.php(13): CodeIgniter\Debug\Exceptions->errorHandler(8, 'Trying to acces...', '/Applications/M...', 13, Array)
#1 /Applications/MAMP/htdocs/Sisfomaru/system/View/View.php(246): include('/Applications/M...')
#2 /Applications/MAMP/htdocs/Sisfomaru/system/Common.php(1087): CodeIgniter\View\View->render('admin/dasboard/...', Array, true)
#3 /Applications/MAMP/htdocs/Sisfomaru/app/Controllers/Admin.php(54): view('admin/dasboard/...', Array)
#4 /Applications/MAMP/htdocs/Sisfomaru/system/CodeIgniter.php(914): App\Controllers\Admin->profil()
#5 /Applications/MAMP/htdocs/Sisfomaru/system/CodeIgniter.php(400): CodeIgniter\CodeIgniter->runController(Object(App\Controllers\Admin))
#6 /Applications/MAMP/htdocs/Sisfomaru/system/CodeIgniter.php(308): CodeIgniter\CodeIgniter->handleRequest(NULL, Object(Config\Cache), false)
#7 /Applications/MAMP/htdocs/Sisfomaru/public/index.php(45): CodeIgniter\CodeIgniter->run()
#8 /Applications/MAMP/htdocs/Sisfomaru/system/Commands/Server/rewrite.php(34): require_once('/Applications/M...')
#9 {main}
CRITICAL - 2020-12-30 20:28:19 --> Trying to access array offset on value of type null
#0 /Applications/MAMP/htdocs/Sisfomaru/app/Views/admin/dasboard/profil.php(69): CodeIgniter\Debug\Exceptions->errorHandler(8, 'Trying to acces...', '/Applications/M...', 69, Array)
#1 /Applications/MAMP/htdocs/Sisfomaru/system/View/View.php(246): include('/Applications/M...')
#2 /Applications/MAMP/htdocs/Sisfomaru/system/Common.php(1087): CodeIgniter\View\View->render('admin/dasboard/...', Array, true)
#3 /Applications/MAMP/htdocs/Sisfomaru/app/Controllers/Admin.php(54): view('admin/dasboard/...', Array)
#4 /Applications/MAMP/htdocs/Sisfomaru/system/CodeIgniter.php(914): App\Controllers\Admin->profil()
#5 /Applications/MAMP/htdocs/Sisfomaru/system/CodeIgniter.php(400): CodeIgniter\CodeIgniter->runController(Object(App\Controllers\Admin))
#6 /Applications/MAMP/htdocs/Sisfomaru/system/CodeIgniter.php(308): CodeIgniter\CodeIgniter->handleRequest(NULL, Object(Config\Cache), false)
#7 /Applications/MAMP/htdocs/Sisfomaru/public/index.php(45): CodeIgniter\CodeIgniter->run()
#8 /Applications/MAMP/htdocs/Sisfomaru/system/Commands/Server/rewrite.php(34): require_once('/Applications/M...')
#9 {main}
CRITICAL - 2020-12-30 20:29:42 --> Undefined index: nama
#0 /Applications/MAMP/htdocs/Sisfomaru/app/Views/admin/dasboard/profil.php(87): CodeIgniter\Debug\Exceptions->errorHandler(8, 'Undefined index...', '/Applications/M...', 87, Array)
#1 /Applications/MAMP/htdocs/Sisfomaru/system/View/View.php(246): include('/Applications/M...')
#2 /Applications/MAMP/htdocs/Sisfomaru/system/Common.php(1087): CodeIgniter\View\View->render('admin/dasboard/...', Array, true)
#3 /Applications/MAMP/htdocs/Sisfomaru/app/Controllers/Admin.php(54): view('admin/dasboard/...', Array)
#4 /Applications/MAMP/htdocs/Sisfomaru/system/CodeIgniter.php(914): App\Controllers\Admin->profil()
#5 /Applications/MAMP/htdocs/Sisfomaru/system/CodeIgniter.php(400): CodeIgniter\CodeIgniter->runController(Object(App\Controllers\Admin))
#6 /Applications/MAMP/htdocs/Sisfomaru/system/CodeIgniter.php(308): CodeIgniter\CodeIgniter->handleRequest(NULL, Object(Config\Cache), false)
#7 /Applications/MAMP/htdocs/Sisfomaru/public/index.php(45): CodeIgniter\CodeIgniter->run()
#8 /Applications/MAMP/htdocs/Sisfomaru/system/Commands/Server/rewrite.php(34): require_once('/Applications/M...')
#9 {main}
CRITICAL - 2020-12-30 20:30:20 --> Undefined index: tgl
#0 /Applications/MAMP/htdocs/Sisfomaru/app/Views/admin/dasboard/profil.php(94): CodeIgniter\Debug\Exceptions->errorHandler(8, 'Undefined index...', '/Applications/M...', 94, Array)
#1 /Applications/MAMP/htdocs/Sisfomaru/system/View/View.php(246): include('/Applications/M...')
#2 /Applications/MAMP/htdocs/Sisfomaru/system/Common.php(1087): CodeIgniter\View\View->render('admin/dasboard/...', Array, true)
#3 /Applications/MAMP/htdocs/Sisfomaru/app/Controllers/Admin.php(54): view('admin/dasboard/...', Array)
#4 /Applications/MAMP/htdocs/Sisfomaru/system/CodeIgniter.php(914): App\Controllers\Admin->profil()
#5 /Applications/MAMP/htdocs/Sisfomaru/system/CodeIgniter.php(400): CodeIgniter\CodeIgniter->runController(Object(App\Controllers\Admin))
#6 /Applications/MAMP/htdocs/Sisfomaru/system/CodeIgniter.php(308): CodeIgniter\CodeIgniter->handleRequest(NULL, Object(Config\Cache), false)
#7 /Applications/MAMP/htdocs/Sisfomaru/public/index.php(45): CodeIgniter\CodeIgniter->run()
#8 /Applications/MAMP/htdocs/Sisfomaru/system/Commands/Server/rewrite.php(34): require_once('/Applications/M...')
#9 {main}
CRITICAL - 2020-12-30 20:46:09 --> Unknown column 'assets' in 'where clause'
#0 /Applications/MAMP/htdocs/Sisfomaru/system/Database/MySQLi/Connection.php(331): mysqli->query('SELECT pendafta...')
#1 /Applications/MAMP/htdocs/Sisfomaru/system/Database/BaseConnection.php(738): CodeIgniter\Database\MySQLi\Connection->execute('SELECT pendafta...')
#2 /Applications/MAMP/htdocs/Sisfomaru/system/Database/BaseConnection.php(666): CodeIgniter\Database\BaseConnection->simpleQuery('SELECT pendafta...')
#3 /Applications/MAMP/htdocs/Sisfomaru/app/Models/PendaftarModel.php(47): CodeIgniter\Database\BaseConnection->query('SELECT pendafta...')
#4 /Applications/MAMP/htdocs/Sisfomaru/app/Controllers/Pendaftar.php(34): App\Models\PendaftarModel->getDetail('assets')
#5 /Applications/MAMP/htdocs/Sisfomaru/system/CodeIgniter.php(914): App\Controllers\Pendaftar->detail('assets', 'js', 'style', 'js', 'plugins', 'pace.min.js')
#6 /Applications/MAMP/htdocs/Sisfomaru/system/CodeIgniter.php(400): CodeIgniter\CodeIgniter->runController(Object(App\Controllers\Pendaftar))
#7 /Applications/MAMP/htdocs/Sisfomaru/system/CodeIgniter.php(308): CodeIgniter\CodeIgniter->handleRequest(NULL, Object(Config\Cache), false)
#8 /Applications/MAMP/htdocs/Sisfomaru/public/index.php(45): CodeIgniter\CodeIgniter->run()
#9 /Applications/MAMP/htdocs/Sisfomaru/system/Commands/Server/rewrite.php(34): require_once('/Applications/M...')
#10 {main}
CRITICAL - 2020-12-30 20:46:09 --> Unknown column 'assets' in 'where clause'
#0 /Applications/MAMP/htdocs/Sisfomaru/system/Database/MySQLi/Connection.php(331): mysqli->query('SELECT pendafta...')
#1 /Applications/MAMP/htdocs/Sisfomaru/system/Database/BaseConnection.php(738): CodeIgniter\Database\MySQLi\Connection->execute('SELECT pendafta...')
#2 /Applications/MAMP/htdocs/Sisfomaru/system/Database/BaseConnection.php(666): CodeIgniter\Database\BaseConnection->simpleQuery('SELECT pendafta...')
#3 /Applications/MAMP/htdocs/Sisfomaru/app/Models/PendaftarModel.php(47): CodeIgniter\Database\BaseConnection->query('SELECT pendafta...')
#4 /Applications/MAMP/htdocs/Sisfomaru/app/Controllers/Pendaftar.php(34): App\Models\PendaftarModel->getDetail('assets')
#5 /Applications/MAMP/htdocs/Sisfomaru/system/CodeIgniter.php(914): App\Controllers\Pendaftar->detail('assets', 'js', 'style', 'js', 'plugins', 'pace.min.js')
#6 /Applications/MAMP/htdocs/Sisfomaru/system/CodeIgniter.php(400): CodeIgniter\CodeIgniter->runController(Object(App\Controllers\Pendaftar))
#7 /Applications/MAMP/htdocs/Sisfomaru/system/CodeIgniter.php(308): CodeIgniter\CodeIgniter->handleRequest(NULL, Object(Config\Cache), false)
#8 /Applications/MAMP/htdocs/Sisfomaru/public/index.php(45): CodeIgniter\CodeIgniter->run()
#9 /Applications/MAMP/htdocs/Sisfomaru/system/Commands/Server/rewrite.php(34): require_once('/Applications/M...')
#10 {main}
CRITICAL - 2020-12-30 21:04:52 --> syntax error, unexpected ','
#0 /Applications/MAMP/htdocs/Sisfomaru/system/Autoloader/Autoloader.php(296): CodeIgniter\Autoloader\Autoloader->requireFile('/Applications/M...')
#1 /Applications/MAMP/htdocs/Sisfomaru/system/Autoloader/Autoloader.php(258): CodeIgniter\Autoloader\Autoloader->loadInNamespace('App\\Controllers...')
#2 [internal function]: CodeIgniter\Autoloader\Autoloader->loadClass('App\\Controllers...')
#3 [internal function]: spl_autoload_call('App\\Controllers...')
#4 /Applications/MAMP/htdocs/Sisfomaru/system/CodeIgniter.php(865): class_exists('\\App\\Controller...', true)
#5 /Applications/MAMP/htdocs/Sisfomaru/system/CodeIgniter.php(390): CodeIgniter\CodeIgniter->startController()
#6 /Applications/MAMP/htdocs/Sisfomaru/system/CodeIgniter.php(308): CodeIgniter\CodeIgniter->handleRequest(NULL, Object(Config\Cache), false)
#7 /Applications/MAMP/htdocs/Sisfomaru/public/index.php(45): CodeIgniter\CodeIgniter->run()
#8 /Applications/MAMP/htdocs/Sisfomaru/system/Commands/Server/rewrite.php(34): require_once('/Applications/M...')
#9 {main}
CRITICAL - 2020-12-30 21:07:20 --> Undefined index: judul
#0 /Applications/MAMP/htdocs/Sisfomaru/app/Views/admin/gelombang/index.php(66): CodeIgniter\Debug\Exceptions->errorHandler(8, 'Undefined index...', '/Applications/M...', 66, Array)
#1 /Applications/MAMP/htdocs/Sisfomaru/system/View/View.php(246): include('/Applications/M...')
#2 /Applications/MAMP/htdocs/Sisfomaru/system/Common.php(1087): CodeIgniter\View\View->render('admin/gelombang...', Array, true)
#3 /Applications/MAMP/htdocs/Sisfomaru/app/Controllers/Gelombang.php(38): view('admin/gelombang...', Array)
#4 /Applications/MAMP/htdocs/Sisfomaru/system/CodeIgniter.php(914): App\Controllers\Gelombang->index()
#5 /Applications/MAMP/htdocs/Sisfomaru/system/CodeIgniter.php(400): CodeIgniter\CodeIgniter->runController(Object(App\Controllers\Gelombang))
#6 /Applications/MAMP/htdocs/Sisfomaru/system/CodeIgniter.php(308): CodeIgniter\CodeIgniter->handleRequest(NULL, Object(Config\Cache), false)
#7 /Applications/MAMP/htdocs/Sisfomaru/public/index.php(45): CodeIgniter\CodeIgniter->run()
#8 /Applications/MAMP/htdocs/Sisfomaru/system/Commands/Server/rewrite.php(34): require_once('/Applications/M...')
#9 {main}
CRITICAL - 2020-12-30 21:16:25 --> Undefined variable: gelombang
#0 /Applications/MAMP/htdocs/Sisfomaru/app/Views/front/index.php(309): CodeIgniter\Debug\Exceptions->errorHandler(8, 'Undefined varia...', '/Applications/M...', 309, Array)
#1 /Applications/MAMP/htdocs/Sisfomaru/system/View/View.php(246): include('/Applications/M...')
#2 /Applications/MAMP/htdocs/Sisfomaru/system/Common.php(1087): CodeIgniter\View\View->render('front/index', Array, true)
#3 /Applications/MAMP/htdocs/Sisfomaru/app/Controllers/Pages.php(13): view('front/index')
#4 /Applications/MAMP/htdocs/Sisfomaru/system/CodeIgniter.php(914): App\Controllers\Pages->index()
#5 /Applications/MAMP/htdocs/Sisfomaru/system/CodeIgniter.php(400): CodeIgniter\CodeIgniter->runController(Object(App\Controllers\Pages))
#6 /Applications/MAMP/htdocs/Sisfomaru/system/CodeIgniter.php(308): CodeIgniter\CodeIgniter->handleRequest(NULL, Object(Config\Cache), false)
#7 /Applications/MAMP/htdocs/Sisfomaru/public/index.php(45): CodeIgniter\CodeIgniter->run()
#8 /Applications/MAMP/htdocs/Sisfomaru/system/Commands/Server/rewrite.php(34): require_once('/Applications/M...')
#9 {main}
CRITICAL - 2020-12-30 21:17:31 --> Undefined variable: gelombang
#0 /Applications/MAMP/htdocs/Sisfomaru/app/Views/front/index.php(309): CodeIgniter\Debug\Exceptions->errorHandler(8, 'Undefined varia...', '/Applications/M...', 309, Array)
#1 /Applications/MAMP/htdocs/Sisfomaru/system/View/View.php(246): include('/Applications/M...')
#2 /Applications/MAMP/htdocs/Sisfomaru/system/Common.php(1087): CodeIgniter\View\View->render('front/index', Array, true)
#3 /Applications/MAMP/htdocs/Sisfomaru/app/Controllers/Pages.php(13): view('front/index')
#4 /Applications/MAMP/htdocs/Sisfomaru/system/CodeIgniter.php(914): App\Controllers\Pages->index()
#5 /Applications/MAMP/htdocs/Sisfomaru/system/CodeIgniter.php(400): CodeIgniter\CodeIgniter->runController(Object(App\Controllers\Pages))
#6 /Applications/MAMP/htdocs/Sisfomaru/system/CodeIgniter.php(308): CodeIgniter\CodeIgniter->handleRequest(NULL, Object(Config\Cache), false)
#7 /Applications/MAMP/htdocs/Sisfomaru/public/index.php(45): CodeIgniter\CodeIgniter->run()
#8 /Applications/MAMP/htdocs/Sisfomaru/system/Commands/Server/rewrite.php(34): require_once('/Applications/M...')
#9 {main}
CRITICAL - 2020-12-30 21:17:33 --> Undefined variable: gelombang
#0 /Applications/MAMP/htdocs/Sisfomaru/app/Views/front/index.php(309): CodeIgniter\Debug\Exceptions->errorHandler(8, 'Undefined varia...', '/Applications/M...', 309, Array)
#1 /Applications/MAMP/htdocs/Sisfomaru/system/View/View.php(246): include('/Applications/M...')
#2 /Applications/MAMP/htdocs/Sisfomaru/system/Common.php(1087): CodeIgniter\View\View->render('front/index', Array, true)
#3 /Applications/MAMP/htdocs/Sisfomaru/app/Controllers/Pages.php(13): view('front/index')
#4 /Applications/MAMP/htdocs/Sisfomaru/system/CodeIgniter.php(914): App\Controllers\Pages->index()
#5 /Applications/MAMP/htdocs/Sisfomaru/system/CodeIgniter.php(400): CodeIgniter\CodeIgniter->runController(Object(App\Controllers\Pages))
#6 /Applications/MAMP/htdocs/Sisfomaru/system/CodeIgniter.php(308): CodeIgniter\CodeIgniter->handleRequest(NULL, Object(Config\Cache), false)
#7 /Applications/MAMP/htdocs/Sisfomaru/public/index.php(45): CodeIgniter\CodeIgniter->run()
#8 /Applications/MAMP/htdocs/Sisfomaru/system/Commands/Server/rewrite.php(34): require_once('/Applications/M...')
#9 {main}
CRITICAL - 2020-12-30 21:18:10 --> Undefined variable: gelombang
#0 /Applications/MAMP/htdocs/Sisfomaru/app/Views/front/index.php(309): CodeIgniter\Debug\Exceptions->errorHandler(8, 'Undefined varia...', '/Applications/M...', 309, Array)
#1 /Applications/MAMP/htdocs/Sisfomaru/system/View/View.php(246): include('/Applications/M...')
#2 /Applications/MAMP/htdocs/Sisfomaru/system/Common.php(1087): CodeIgniter\View\View->render('front/index', Array, true)
#3 /Applications/MAMP/htdocs/Sisfomaru/app/Controllers/Pages.php(13): view('front/index')
#4 /Applications/MAMP/htdocs/Sisfomaru/system/CodeIgniter.php(914): App\Controllers\Pages->index()
#5 /Applications/MAMP/htdocs/Sisfomaru/system/CodeIgniter.php(400): CodeIgniter\CodeIgniter->runController(Object(App\Controllers\Pages))
#6 /Applications/MAMP/htdocs/Sisfomaru/system/CodeIgniter.php(308): CodeIgniter\CodeIgniter->handleRequest(NULL, Object(Config\Cache), false)
#7 /Applications/MAMP/htdocs/Sisfomaru/public/index.php(45): CodeIgniter\CodeIgniter->run()
#8 /Applications/MAMP/htdocs/Sisfomaru/system/Commands/Server/rewrite.php(34): require_once('/Applications/M...')
#9 {main}
CRITICAL - 2020-12-30 21:18:12 --> Undefined variable: gelombang
#0 /Applications/MAMP/htdocs/Sisfomaru/app/Views/front/index.php(309): CodeIgniter\Debug\Exceptions->errorHandler(8, 'Undefined varia...', '/Applications/M...', 309, Array)
#1 /Applications/MAMP/htdocs/Sisfomaru/system/View/View.php(246): include('/Applications/M...')
#2 /Applications/MAMP/htdocs/Sisfomaru/system/Common.php(1087): CodeIgniter\View\View->render('front/index', Array, true)
#3 /Applications/MAMP/htdocs/Sisfomaru/app/Controllers/Pages.php(13): view('front/index')
#4 /Applications/MAMP/htdocs/Sisfomaru/system/CodeIgniter.php(914): App\Controllers\Pages->index()
#5 /Applications/MAMP/htdocs/Sisfomaru/system/CodeIgniter.php(400): CodeIgniter\CodeIgniter->runController(Object(App\Controllers\Pages))
#6 /Applications/MAMP/htdocs/Sisfomaru/system/CodeIgniter.php(308): CodeIgniter\CodeIgniter->handleRequest(NULL, Object(Config\Cache), false)
#7 /Applications/MAMP/htdocs/Sisfomaru/public/index.php(45): CodeIgniter\CodeIgniter->run()
#8 /Applications/MAMP/htdocs/Sisfomaru/system/Commands/Server/rewrite.php(34): require_once('/Applications/M...')
#9 {main}
