CRITICAL - 2020-12-20 00:14:09 --> syntax error, unexpected end of file
#0 /Applications/MAMP/htdocs/Sisfomaru/system/Common.php(1087): CodeIgniter\View\View->render('user/dasboard/p...', Array, true)
#1 /Applications/MAMP/htdocs/Sisfomaru/app/Controllers/User.php(48): view('user/dasboard/p...', Array)
#2 /Applications/MAMP/htdocs/Sisfomaru/system/CodeIgniter.php(914): App\Controllers\User->profil()
#3 /Applications/MAMP/htdocs/Sisfomaru/system/CodeIgniter.php(400): CodeIgniter\CodeIgniter->runController(Object(App\Controllers\User))
#4 /Applications/MAMP/htdocs/Sisfomaru/system/CodeIgniter.php(308): CodeIgniter\CodeIgniter->handleRequest(NULL, Object(Config\Cache), false)
#5 /Applications/MAMP/htdocs/Sisfomaru/public/index.php(45): CodeIgniter\CodeIgniter->run()
#6 /Applications/MAMP/htdocs/Sisfomaru/system/Commands/Server/rewrite.php(34): require_once('/Applications/M...')
#7 {main}
CRITICAL - 2020-12-20 00:18:47 --> Undefined index: image
#0 /Applications/MAMP/htdocs/Sisfomaru/app/Views/user/dasboard/profil.php(73): CodeIgniter\Debug\Exceptions->errorHandler(8, 'Undefined index...', '/Applications/M...', 73, Array)
#1 /Applications/MAMP/htdocs/Sisfomaru/system/View/View.php(246): include('/Applications/M...')
#2 /Applications/MAMP/htdocs/Sisfomaru/system/Common.php(1087): CodeIgniter\View\View->render('user/dasboard/p...', Array, true)
#3 /Applications/MAMP/htdocs/Sisfomaru/app/Controllers/User.php(48): view('user/dasboard/p...', Array)
#4 /Applications/MAMP/htdocs/Sisfomaru/system/CodeIgniter.php(914): App\Controllers\User->profil()
#5 /Applications/MAMP/htdocs/Sisfomaru/system/CodeIgniter.php(400): CodeIgniter\CodeIgniter->runController(Object(App\Controllers\User))
#6 /Applications/MAMP/htdocs/Sisfomaru/system/CodeIgniter.php(308): CodeIgniter\CodeIgniter->handleRequest(NULL, Object(Config\Cache), false)
#7 /Applications/MAMP/htdocs/Sisfomaru/public/index.php(45): CodeIgniter\CodeIgniter->run()
#8 /Applications/MAMP/htdocs/Sisfomaru/system/Commands/Server/rewrite.php(34): require_once('/Applications/M...')
#9 {main}
CRITICAL - 2020-12-20 00:33:50 --> Undefined variable: alamat_ayah
#0 /Applications/MAMP/htdocs/Sisfomaru/app/Views/user/dasboard/profil.php(85): CodeIgniter\Debug\Exceptions->errorHandler(8, 'Undefined varia...', '/Applications/M...', 85, Array)
#1 /Applications/MAMP/htdocs/Sisfomaru/system/View/View.php(246): include('/Applications/M...')
#2 /Applications/MAMP/htdocs/Sisfomaru/system/Common.php(1087): CodeIgniter\View\View->render('user/dasboard/p...', Array, true)
#3 /Applications/MAMP/htdocs/Sisfomaru/app/Controllers/User.php(48): view('user/dasboard/p...', Array)
#4 /Applications/MAMP/htdocs/Sisfomaru/system/CodeIgniter.php(914): App\Controllers\User->profil()
#5 /Applications/MAMP/htdocs/Sisfomaru/system/CodeIgniter.php(400): CodeIgniter\CodeIgniter->runController(Object(App\Controllers\User))
#6 /Applications/MAMP/htdocs/Sisfomaru/system/CodeIgniter.php(308): CodeIgniter\CodeIgniter->handleRequest(NULL, Object(Config\Cache), false)
#7 /Applications/MAMP/htdocs/Sisfomaru/public/index.php(45): CodeIgniter\CodeIgniter->run()
#8 /Applications/MAMP/htdocs/Sisfomaru/system/Commands/Server/rewrite.php(34): require_once('/Applications/M...')
#9 {main}
CRITICAL - 2020-12-20 00:34:22 --> syntax error, unexpected '?>'
#0 /Applications/MAMP/htdocs/Sisfomaru/system/Common.php(1087): CodeIgniter\View\View->render('user/dasboard/p...', Array, true)
#1 /Applications/MAMP/htdocs/Sisfomaru/app/Controllers/User.php(48): view('user/dasboard/p...', Array)
#2 /Applications/MAMP/htdocs/Sisfomaru/system/CodeIgniter.php(914): App\Controllers\User->profil()
#3 /Applications/MAMP/htdocs/Sisfomaru/system/CodeIgniter.php(400): CodeIgniter\CodeIgniter->runController(Object(App\Controllers\User))
#4 /Applications/MAMP/htdocs/Sisfomaru/system/CodeIgniter.php(308): CodeIgniter\CodeIgniter->handleRequest(NULL, Object(Config\Cache), false)
#5 /Applications/MAMP/htdocs/Sisfomaru/public/index.php(45): CodeIgniter\CodeIgniter->run()
#6 /Applications/MAMP/htdocs/Sisfomaru/system/Commands/Server/rewrite.php(34): require_once('/Applications/M...')
#7 {main}
CRITICAL - 2020-12-20 00:38:47 --> Undefined index: email
#0 /Applications/MAMP/htdocs/Sisfomaru/app/Views/user/dasboard/profil.php(85): CodeIgniter\Debug\Exceptions->errorHandler(8, 'Undefined index...', '/Applications/M...', 85, Array)
#1 /Applications/MAMP/htdocs/Sisfomaru/system/View/View.php(246): include('/Applications/M...')
#2 /Applications/MAMP/htdocs/Sisfomaru/system/Common.php(1087): CodeIgniter\View\View->render('user/dasboard/p...', Array, true)
#3 /Applications/MAMP/htdocs/Sisfomaru/app/Controllers/User.php(48): view('user/dasboard/p...', Array)
#4 /Applications/MAMP/htdocs/Sisfomaru/system/CodeIgniter.php(914): App\Controllers\User->profil()
#5 /Applications/MAMP/htdocs/Sisfomaru/system/CodeIgniter.php(400): CodeIgniter\CodeIgniter->runController(Object(App\Controllers\User))
#6 /Applications/MAMP/htdocs/Sisfomaru/system/CodeIgniter.php(308): CodeIgniter\CodeIgniter->handleRequest(NULL, Object(Config\Cache), false)
#7 /Applications/MAMP/htdocs/Sisfomaru/public/index.php(45): CodeIgniter\CodeIgniter->run()
#8 /Applications/MAMP/htdocs/Sisfomaru/system/Commands/Server/rewrite.php(34): require_once('/Applications/M...')
#9 {main}
CRITICAL - 2020-12-20 00:56:49 --> Unknown column 'assets' in 'where clause'
#0 /Applications/MAMP/htdocs/Sisfomaru/system/Database/MySQLi/Connection.php(331): mysqli->query('SELECT pendafta...')
#1 /Applications/MAMP/htdocs/Sisfomaru/system/Database/BaseConnection.php(738): CodeIgniter\Database\MySQLi\Connection->execute('SELECT pendafta...')
#2 /Applications/MAMP/htdocs/Sisfomaru/system/Database/BaseConnection.php(666): CodeIgniter\Database\BaseConnection->simpleQuery('SELECT pendafta...')
#3 /Applications/MAMP/htdocs/Sisfomaru/app/Models/PendaftarModel.php(47): CodeIgniter\Database\BaseConnection->query('SELECT pendafta...')
#4 /Applications/MAMP/htdocs/Sisfomaru/app/Controllers/Pendaftar.php(34): App\Models\PendaftarModel->getDetail('assets')
#5 /Applications/MAMP/htdocs/Sisfomaru/system/CodeIgniter.php(914): App\Controllers\Pendaftar->detail('assets', 'js', 'style', 'js', 'plugins', 'pace.min.js')
#6 /Applications/MAMP/htdocs/Sisfomaru/system/CodeIgniter.php(400): CodeIgniter\CodeIgniter->runController(Object(App\Controllers\Pendaftar))
#7 /Applications/MAMP/htdocs/Sisfomaru/system/CodeIgniter.php(308): CodeIgniter\CodeIgniter->handleRequest(NULL, Object(Config\Cache), false)
#8 /Applications/MAMP/htdocs/Sisfomaru/public/index.php(45): CodeIgniter\CodeIgniter->run()
#9 /Applications/MAMP/htdocs/Sisfomaru/system/Commands/Server/rewrite.php(34): require_once('/Applications/M...')
#10 {main}
CRITICAL - 2020-12-20 00:56:49 --> Unknown column 'assets' in 'where clause'
#0 /Applications/MAMP/htdocs/Sisfomaru/system/Database/MySQLi/Connection.php(331): mysqli->query('SELECT pendafta...')
#1 /Applications/MAMP/htdocs/Sisfomaru/system/Database/BaseConnection.php(738): CodeIgniter\Database\MySQLi\Connection->execute('SELECT pendafta...')
#2 /Applications/MAMP/htdocs/Sisfomaru/system/Database/BaseConnection.php(666): CodeIgniter\Database\BaseConnection->simpleQuery('SELECT pendafta...')
#3 /Applications/MAMP/htdocs/Sisfomaru/app/Models/PendaftarModel.php(47): CodeIgniter\Database\BaseConnection->query('SELECT pendafta...')
#4 /Applications/MAMP/htdocs/Sisfomaru/app/Controllers/Pendaftar.php(34): App\Models\PendaftarModel->getDetail('assets')
#5 /Applications/MAMP/htdocs/Sisfomaru/system/CodeIgniter.php(914): App\Controllers\Pendaftar->detail('assets', 'js', 'style', 'js', 'plugins', 'pace.min.js')
#6 /Applications/MAMP/htdocs/Sisfomaru/system/CodeIgniter.php(400): CodeIgniter\CodeIgniter->runController(Object(App\Controllers\Pendaftar))
#7 /Applications/MAMP/htdocs/Sisfomaru/system/CodeIgniter.php(308): CodeIgniter\CodeIgniter->handleRequest(NULL, Object(Config\Cache), false)
#8 /Applications/MAMP/htdocs/Sisfomaru/public/index.php(45): CodeIgniter\CodeIgniter->run()
#9 /Applications/MAMP/htdocs/Sisfomaru/system/Commands/Server/rewrite.php(34): require_once('/Applications/M...')
#10 {main}
CRITICAL - 2020-12-20 01:28:42 --> Trying to access array offset on value of type null
#0 /Applications/MAMP/htdocs/Sisfomaru/app/Views/user/dasboard/index.php(215): CodeIgniter\Debug\Exceptions->errorHandler(8, 'Trying to acces...', '/Applications/M...', 215, Array)
#1 /Applications/MAMP/htdocs/Sisfomaru/system/View/View.php(246): include('/Applications/M...')
#2 /Applications/MAMP/htdocs/Sisfomaru/system/Common.php(1087): CodeIgniter\View\View->render('user/dasboard/i...', Array, true)
#3 /Applications/MAMP/htdocs/Sisfomaru/app/Controllers/User.php(36): view('user/dasboard/i...', Array)
#4 /Applications/MAMP/htdocs/Sisfomaru/system/CodeIgniter.php(914): App\Controllers\User->index()
#5 /Applications/MAMP/htdocs/Sisfomaru/system/CodeIgniter.php(400): CodeIgniter\CodeIgniter->runController(Object(App\Controllers\User))
#6 /Applications/MAMP/htdocs/Sisfomaru/system/CodeIgniter.php(308): CodeIgniter\CodeIgniter->handleRequest(NULL, Object(Config\Cache), false)
#7 /Applications/MAMP/htdocs/Sisfomaru/public/index.php(45): CodeIgniter\CodeIgniter->run()
#8 /Applications/MAMP/htdocs/Sisfomaru/system/Commands/Server/rewrite.php(34): require_once('/Applications/M...')
#9 {main}
CRITICAL - 2020-12-20 04:38:04 --> Undefined index: tgl
#0 /Applications/MAMP/htdocs/Sisfomaru/app/Views/admin/pendaftar/index.php(47): CodeIgniter\Debug\Exceptions->errorHandler(8, 'Undefined index...', '/Applications/M...', 47, Array)
#1 /Applications/MAMP/htdocs/Sisfomaru/system/View/View.php(246): include('/Applications/M...')
#2 /Applications/MAMP/htdocs/Sisfomaru/system/Common.php(1087): CodeIgniter\View\View->render('admin/pendaftar...', Array, true)
#3 /Applications/MAMP/htdocs/Sisfomaru/app/Controllers/Pendaftar.php(28): view('admin/pendaftar...', Array)
#4 /Applications/MAMP/htdocs/Sisfomaru/system/CodeIgniter.php(914): App\Controllers\Pendaftar->index()
#5 /Applications/MAMP/htdocs/Sisfomaru/system/CodeIgniter.php(400): CodeIgniter\CodeIgniter->runController(Object(App\Controllers\Pendaftar))
#6 /Applications/MAMP/htdocs/Sisfomaru/system/CodeIgniter.php(308): CodeIgniter\CodeIgniter->handleRequest(NULL, Object(Config\Cache), false)
#7 /Applications/MAMP/htdocs/Sisfomaru/public/index.php(45): CodeIgniter\CodeIgniter->run()
#8 /Applications/MAMP/htdocs/Sisfomaru/system/Commands/Server/rewrite.php(34): require_once('/Applications/M...')
#9 {main}
CRITICAL - 2020-12-20 04:38:46 --> Undefined index: tgl
#0 /Applications/MAMP/htdocs/Sisfomaru/app/Views/admin/pendaftar/index.php(47): CodeIgniter\Debug\Exceptions->errorHandler(8, 'Undefined index...', '/Applications/M...', 47, Array)
#1 /Applications/MAMP/htdocs/Sisfomaru/system/View/View.php(246): include('/Applications/M...')
#2 /Applications/MAMP/htdocs/Sisfomaru/system/Common.php(1087): CodeIgniter\View\View->render('admin/pendaftar...', Array, true)
#3 /Applications/MAMP/htdocs/Sisfomaru/app/Controllers/Pendaftar.php(28): view('admin/pendaftar...', Array)
#4 /Applications/MAMP/htdocs/Sisfomaru/system/CodeIgniter.php(914): App\Controllers\Pendaftar->index()
#5 /Applications/MAMP/htdocs/Sisfomaru/system/CodeIgniter.php(400): CodeIgniter\CodeIgniter->runController(Object(App\Controllers\Pendaftar))
#6 /Applications/MAMP/htdocs/Sisfomaru/system/CodeIgniter.php(308): CodeIgniter\CodeIgniter->handleRequest(NULL, Object(Config\Cache), false)
#7 /Applications/MAMP/htdocs/Sisfomaru/public/index.php(45): CodeIgniter\CodeIgniter->run()
#8 /Applications/MAMP/htdocs/Sisfomaru/system/Commands/Server/rewrite.php(34): require_once('/Applications/M...')
#9 {main}
CRITICAL - 2020-12-20 04:44:08 --> Undefined index: tgl
#0 /Applications/MAMP/htdocs/Sisfomaru/app/Views/admin/pendaftar/index.php(47): CodeIgniter\Debug\Exceptions->errorHandler(8, 'Undefined index...', '/Applications/M...', 47, Array)
#1 /Applications/MAMP/htdocs/Sisfomaru/system/View/View.php(246): include('/Applications/M...')
#2 /Applications/MAMP/htdocs/Sisfomaru/system/Common.php(1087): CodeIgniter\View\View->render('admin/pendaftar...', Array, true)
#3 /Applications/MAMP/htdocs/Sisfomaru/app/Controllers/Pendaftar.php(28): view('admin/pendaftar...', Array)
#4 /Applications/MAMP/htdocs/Sisfomaru/system/CodeIgniter.php(914): App\Controllers\Pendaftar->index()
#5 /Applications/MAMP/htdocs/Sisfomaru/system/CodeIgniter.php(400): CodeIgniter\CodeIgniter->runController(Object(App\Controllers\Pendaftar))
#6 /Applications/MAMP/htdocs/Sisfomaru/system/CodeIgniter.php(308): CodeIgniter\CodeIgniter->handleRequest(NULL, Object(Config\Cache), false)
#7 /Applications/MAMP/htdocs/Sisfomaru/public/index.php(45): CodeIgniter\CodeIgniter->run()
#8 /Applications/MAMP/htdocs/Sisfomaru/system/Commands/Server/rewrite.php(34): require_once('/Applications/M...')
#9 {main}
CRITICAL - 2020-12-20 04:50:50 --> Unknown column 'assets' in 'where clause'
#0 /Applications/MAMP/htdocs/Sisfomaru/system/Database/MySQLi/Connection.php(331): mysqli->query('SELECT pendafta...')
#1 /Applications/MAMP/htdocs/Sisfomaru/system/Database/BaseConnection.php(738): CodeIgniter\Database\MySQLi\Connection->execute('SELECT pendafta...')
#2 /Applications/MAMP/htdocs/Sisfomaru/system/Database/BaseConnection.php(666): CodeIgniter\Database\BaseConnection->simpleQuery('SELECT pendafta...')
#3 /Applications/MAMP/htdocs/Sisfomaru/app/Models/PendaftarModel.php(47): CodeIgniter\Database\BaseConnection->query('SELECT pendafta...')
#4 /Applications/MAMP/htdocs/Sisfomaru/app/Controllers/Pendaftar.php(34): App\Models\PendaftarModel->getDetail('assets')
#5 /Applications/MAMP/htdocs/Sisfomaru/system/CodeIgniter.php(914): App\Controllers\Pendaftar->detail('assets', 'js', 'style', 'js', 'plugins', 'pace.min.js')
#6 /Applications/MAMP/htdocs/Sisfomaru/system/CodeIgniter.php(400): CodeIgniter\CodeIgniter->runController(Object(App\Controllers\Pendaftar))
#7 /Applications/MAMP/htdocs/Sisfomaru/system/CodeIgniter.php(308): CodeIgniter\CodeIgniter->handleRequest(NULL, Object(Config\Cache), false)
#8 /Applications/MAMP/htdocs/Sisfomaru/public/index.php(45): CodeIgniter\CodeIgniter->run()
#9 /Applications/MAMP/htdocs/Sisfomaru/system/Commands/Server/rewrite.php(34): require_once('/Applications/M...')
#10 {main}
CRITICAL - 2020-12-20 04:50:50 --> Unknown column 'assets' in 'where clause'
#0 /Applications/MAMP/htdocs/Sisfomaru/system/Database/MySQLi/Connection.php(331): mysqli->query('SELECT pendafta...')
#1 /Applications/MAMP/htdocs/Sisfomaru/system/Database/BaseConnection.php(738): CodeIgniter\Database\MySQLi\Connection->execute('SELECT pendafta...')
#2 /Applications/MAMP/htdocs/Sisfomaru/system/Database/BaseConnection.php(666): CodeIgniter\Database\BaseConnection->simpleQuery('SELECT pendafta...')
#3 /Applications/MAMP/htdocs/Sisfomaru/app/Models/PendaftarModel.php(47): CodeIgniter\Database\BaseConnection->query('SELECT pendafta...')
#4 /Applications/MAMP/htdocs/Sisfomaru/app/Controllers/Pendaftar.php(34): App\Models\PendaftarModel->getDetail('assets')
#5 /Applications/MAMP/htdocs/Sisfomaru/system/CodeIgniter.php(914): App\Controllers\Pendaftar->detail('assets', 'js', 'style', 'js', 'plugins', 'pace.min.js')
#6 /Applications/MAMP/htdocs/Sisfomaru/system/CodeIgniter.php(400): CodeIgniter\CodeIgniter->runController(Object(App\Controllers\Pendaftar))
#7 /Applications/MAMP/htdocs/Sisfomaru/system/CodeIgniter.php(308): CodeIgniter\CodeIgniter->handleRequest(NULL, Object(Config\Cache), false)
#8 /Applications/MAMP/htdocs/Sisfomaru/public/index.php(45): CodeIgniter\CodeIgniter->run()
#9 /Applications/MAMP/htdocs/Sisfomaru/system/Commands/Server/rewrite.php(34): require_once('/Applications/M...')
#10 {main}
CRITICAL - 2020-12-20 04:51:04 --> Unknown column 'assets' in 'where clause'
#0 /Applications/MAMP/htdocs/Sisfomaru/system/Database/MySQLi/Connection.php(331): mysqli->query('SELECT pendafta...')
#1 /Applications/MAMP/htdocs/Sisfomaru/system/Database/BaseConnection.php(738): CodeIgniter\Database\MySQLi\Connection->execute('SELECT pendafta...')
#2 /Applications/MAMP/htdocs/Sisfomaru/system/Database/BaseConnection.php(666): CodeIgniter\Database\BaseConnection->simpleQuery('SELECT pendafta...')
#3 /Applications/MAMP/htdocs/Sisfomaru/app/Models/PendaftarModel.php(47): CodeIgniter\Database\BaseConnection->query('SELECT pendafta...')
#4 /Applications/MAMP/htdocs/Sisfomaru/app/Controllers/Pendaftar.php(34): App\Models\PendaftarModel->getDetail('assets')
#5 /Applications/MAMP/htdocs/Sisfomaru/system/CodeIgniter.php(914): App\Controllers\Pendaftar->detail('assets', 'js', 'style', 'js', 'plugins', 'pace.min.js')
#6 /Applications/MAMP/htdocs/Sisfomaru/system/CodeIgniter.php(400): CodeIgniter\CodeIgniter->runController(Object(App\Controllers\Pendaftar))
#7 /Applications/MAMP/htdocs/Sisfomaru/system/CodeIgniter.php(308): CodeIgniter\CodeIgniter->handleRequest(NULL, Object(Config\Cache), false)
#8 /Applications/MAMP/htdocs/Sisfomaru/public/index.php(45): CodeIgniter\CodeIgniter->run()
#9 /Applications/MAMP/htdocs/Sisfomaru/system/Commands/Server/rewrite.php(34): require_once('/Applications/M...')
#10 {main}
CRITICAL - 2020-12-20 04:51:05 --> Unknown column 'assets' in 'where clause'
#0 /Applications/MAMP/htdocs/Sisfomaru/system/Database/MySQLi/Connection.php(331): mysqli->query('SELECT pendafta...')
#1 /Applications/MAMP/htdocs/Sisfomaru/system/Database/BaseConnection.php(738): CodeIgniter\Database\MySQLi\Connection->execute('SELECT pendafta...')
#2 /Applications/MAMP/htdocs/Sisfomaru/system/Database/BaseConnection.php(666): CodeIgniter\Database\BaseConnection->simpleQuery('SELECT pendafta...')
#3 /Applications/MAMP/htdocs/Sisfomaru/app/Models/PendaftarModel.php(47): CodeIgniter\Database\BaseConnection->query('SELECT pendafta...')
#4 /Applications/MAMP/htdocs/Sisfomaru/app/Controllers/Pendaftar.php(34): App\Models\PendaftarModel->getDetail('assets')
#5 /Applications/MAMP/htdocs/Sisfomaru/system/CodeIgniter.php(914): App\Controllers\Pendaftar->detail('assets', 'js', 'style', 'js', 'plugins', 'pace.min.js')
#6 /Applications/MAMP/htdocs/Sisfomaru/system/CodeIgniter.php(400): CodeIgniter\CodeIgniter->runController(Object(App\Controllers\Pendaftar))
#7 /Applications/MAMP/htdocs/Sisfomaru/system/CodeIgniter.php(308): CodeIgniter\CodeIgniter->handleRequest(NULL, Object(Config\Cache), false)
#8 /Applications/MAMP/htdocs/Sisfomaru/public/index.php(45): CodeIgniter\CodeIgniter->run()
#9 /Applications/MAMP/htdocs/Sisfomaru/system/Commands/Server/rewrite.php(34): require_once('/Applications/M...')
#10 {main}
CRITICAL - 2020-12-20 06:23:41 --> Unknown column 'assets' in 'where clause'
#0 /Applications/MAMP/htdocs/Sisfomaru/system/Database/MySQLi/Connection.php(331): mysqli->query('SELECT pendafta...')
#1 /Applications/MAMP/htdocs/Sisfomaru/system/Database/BaseConnection.php(738): CodeIgniter\Database\MySQLi\Connection->execute('SELECT pendafta...')
#2 /Applications/MAMP/htdocs/Sisfomaru/system/Database/BaseConnection.php(666): CodeIgniter\Database\BaseConnection->simpleQuery('SELECT pendafta...')
#3 /Applications/MAMP/htdocs/Sisfomaru/app/Models/PendaftarModel.php(47): CodeIgniter\Database\BaseConnection->query('SELECT pendafta...')
#4 /Applications/MAMP/htdocs/Sisfomaru/app/Controllers/Pendaftar.php(34): App\Models\PendaftarModel->getDetail('assets')
#5 /Applications/MAMP/htdocs/Sisfomaru/system/CodeIgniter.php(914): App\Controllers\Pendaftar->detail('assets', 'js', 'style', 'js', 'plugins', 'pace.min.js')
#6 /Applications/MAMP/htdocs/Sisfomaru/system/CodeIgniter.php(400): CodeIgniter\CodeIgniter->runController(Object(App\Controllers\Pendaftar))
#7 /Applications/MAMP/htdocs/Sisfomaru/system/CodeIgniter.php(308): CodeIgniter\CodeIgniter->handleRequest(NULL, Object(Config\Cache), false)
#8 /Applications/MAMP/htdocs/Sisfomaru/public/index.php(45): CodeIgniter\CodeIgniter->run()
#9 /Applications/MAMP/htdocs/Sisfomaru/system/Commands/Server/rewrite.php(34): require_once('/Applications/M...')
#10 {main}
CRITICAL - 2020-12-20 06:23:41 --> Unknown column 'assets' in 'where clause'
#0 /Applications/MAMP/htdocs/Sisfomaru/system/Database/MySQLi/Connection.php(331): mysqli->query('SELECT pendafta...')
#1 /Applications/MAMP/htdocs/Sisfomaru/system/Database/BaseConnection.php(738): CodeIgniter\Database\MySQLi\Connection->execute('SELECT pendafta...')
#2 /Applications/MAMP/htdocs/Sisfomaru/system/Database/BaseConnection.php(666): CodeIgniter\Database\BaseConnection->simpleQuery('SELECT pendafta...')
#3 /Applications/MAMP/htdocs/Sisfomaru/app/Models/PendaftarModel.php(47): CodeIgniter\Database\BaseConnection->query('SELECT pendafta...')
#4 /Applications/MAMP/htdocs/Sisfomaru/app/Controllers/Pendaftar.php(34): App\Models\PendaftarModel->getDetail('assets')
#5 /Applications/MAMP/htdocs/Sisfomaru/system/CodeIgniter.php(914): App\Controllers\Pendaftar->detail('assets', 'js', 'style', 'js', 'plugins', 'pace.min.js')
#6 /Applications/MAMP/htdocs/Sisfomaru/system/CodeIgniter.php(400): CodeIgniter\CodeIgniter->runController(Object(App\Controllers\Pendaftar))
#7 /Applications/MAMP/htdocs/Sisfomaru/system/CodeIgniter.php(308): CodeIgniter\CodeIgniter->handleRequest(NULL, Object(Config\Cache), false)
#8 /Applications/MAMP/htdocs/Sisfomaru/public/index.php(45): CodeIgniter\CodeIgniter->run()
#9 /Applications/MAMP/htdocs/Sisfomaru/system/Commands/Server/rewrite.php(34): require_once('/Applications/M...')
#10 {main}
